<?xml version="1.0" encoding="UTF-8"?>
<!-- Generated by org.testng.reporters.JUnitXMLReporter -->
<testsuite hostname="DESKTOP-7QE1RVK" ignored="1" name="Chrome1" tests="2" failures="1" timestamp="24 Jun 2018 16:24:08 GMT" time="274.349" errors="0">
  <testcase name="m1" time="20.469" classname="com.FDX.Tests.Table1">
    <failure type="java.lang.AssertionError" message="expected:&amp;lt;true&amp;gt; but was:&amp;lt;false&amp;gt;">
      <![CDATA[java.lang.AssertionError: expected:<true> but was:<false>
	at com.FDX.Tests.Table1.m1(Table1.java:16)
... Removed 30 stack frames]]>
    </failure>
  </testcase> <!-- m1 -->
  <testcase name="m1" time="0.004" classname="com.FDX.Tests.Test1"/>
  <testcase name="@BeforeSuite Setpath" time="0.0" classname="com.FDX.Generics.TestBaseFDX">
    <ignored/>
  </testcase> <!-- @BeforeSuite Setpath -->
</testsuite> <!-- Chrome1 -->
